File: \LICENSE
File: \freebl3.chk
File: \softokn3.chk
File: \AccessibleMarshal.dll
File: \freebl3.dll
File: \js3250.dll
File: \nspr4.dll
File: \nss3.dll
File: \nssckbi.dll
File: \plc4.dll
File: \plds4.dll
File: \smime3.dll
File: \softokn3.dll
File: \ssl3.dll
File: \xpcom.dll
File: \xpcom_compat.dll
File: \xpcom_core.dll
File: \xpistub.dll
File: \firefox.exe
File: \updater.exe
File: \xpicleanup.exe
File: \README.txt
File: \res\EditorOverride.css
File: \res\forms.css
File: \res\html.css
File: \res\mathml.css
File: \res\quirk.css
File: \res\svg.css
File: \res\ua.css
File: \res\viewsource.css
File: \res\arrow.gif
File: \res\arrowd.gif
File: \res\broken-image.gif
File: \res\grabber.gif
File: \res\loading-image.gif
File: \res\table-add-column-after-active.gif
File: \res\table-add-column-after-hover.gif
File: \res\table-add-column-after.gif
File: \res\table-add-column-before-active.gif
File: \res\table-add-column-before-hover.gif
File: \res\table-add-column-before.gif
File: \res\table-add-row-after-active.gif
File: \res\table-add-row-after-hover.gif
File: \res\table-add-row-after.gif
File: \res\table-add-row-before-active.gif
File: \res\table-add-row-before-hover.gif
File: \res\table-add-row-before.gif
File: \res\table-remove-column-active.gif
File: \res\table-remove-column-hover.gif
File: \res\table-remove-column.gif
File: \res\table-remove-row-active.gif
File: \res\table-remove-row-hover.gif
File: \res\table-remove-row.gif
File: \res\hiddenWindow.html
File: \res\charsetalias.properties
File: \res\charsetData.properties
File: \res\langGroups.properties
File: \res\language.properties
File: \res\wincharset.properties
File: \res\cmessage.txt
File: \res\html\gopher-audio.gif
File: \res\html\gopher-binary.gif
File: \res\html\gopher-find.gif
File: \res\html\gopher-image.gif
File: \res\html\gopher-menu.gif
File: \res\html\gopher-movie.gif
File: \res\html\gopher-sound.gif
File: \res\html\gopher-telnet.gif
File: \res\html\gopher-text.gif
File: \res\html\gopher-unknown.gif
File: \res\fonts\fontEncoding.properties
File: \res\fonts\fontNameMap.properties
File: \res\fonts\mathfont.properties
File: \res\fonts\mathfontCMEX10.properties
File: \res\fonts\mathfontCMSY10.properties
File: \res\fonts\mathfontMath1.properties
File: \res\fonts\mathfontMath2.properties
File: \res\fonts\mathfontMath4.properties
File: \res\fonts\mathfontMTExtra.properties
File: \res\fonts\mathfontPUA.properties
File: \res\fonts\mathfontSymbol.properties
File: \res\entityTables\html40Latin1.properties
File: \res\entityTables\html40Special.properties
File: \res\entityTables\html40Symbols.properties
File: \res\entityTables\htmlEntityVersions.properties
File: \res\entityTables\mathml20.properties
File: \res\entityTables\transliterate.properties
File: \res\dtd\mathml.dtd
File: \res\dtd\xhtml11.dtd
File: \plugins\npnul32.dll
File: \greprefs\all.js
File: \greprefs\security-prefs.js
File: \greprefs\xpinstall.js
File: \extensions\{972ce4c6-7e08-4474-a285-3208198ce6fd}\install.rdf
File: \defaults\pref\channel-prefs.js
File: \defaults\pref\firefox-branding.js
File: \defaults\pref\firefox.js
File: \defaults\pref\reporter.js
File: \defaults\autoconfig\platform.js
File: \defaults\autoconfig\prefcalls.js
File: \components\jar50.dll
File: \components\jsd3250.dll
File: \components\myspell.dll
File: \components\spellchk.dll
File: \components\xpinstal.dll
File: \components\FeedConverter.js
File: \components\FeedProcessor.js
File: \components\FeedWriter.js
File: \components\jsconsole-clhandler.js
File: \components\nsBookmarkTransactionManager.js
File: \components\nsBrowserContentHandler.js
File: \components\nsBrowserGlue.js
File: \components\nsCloseAllWindows.js
File: \components\nsDefaultCLH.js
File: \components\nsDictionary.js
File: \components\nsExtensionManager.js
File: \components\nsHelperAppDlg.js
File: \components\nsMicrosummaryService.js
File: \components\nsPostUpdateWin.js
File: \components\nsProxyAutoConfig.js
File: \components\nsSafebrowsingApplication.js
File: \components\nsSearchService.js
File: \components\nsSearchSuggestions.js
File: \components\nsSessionStartup.js
File: \components\nsSessionStore.js
File: \components\nsSetDefaultBrowser.js
File: \components\nsSidebar.js
File: \components\nsUpdateService.js
File: \components\nsUrlClassifierLib.js
File: \components\nsUrlClassifierListManager.js
File: \components\nsUrlClassifierTable.js
File: \components\nsURLFormatter.js
File: \components\nsXmlRpcClient.js
File: \components\WebContentConverter.js
File: \components\browser.xpt
File: \chrome\browser.jar
File: \chrome\classic.jar
File: \chrome\comm.jar
File: \chrome\pippki.jar
File: \chrome\reporter.jar
File: \chrome\toolkit.jar
File: \chrome\browser.manifest
File: \chrome\classic.manifest
File: \chrome\comm.manifest
File: \chrome\pippki.manifest
File: \chrome\reporter.manifest
File: \chrome\toolkit.manifest
File: \components\compreg.dat
File: \components\xpti.dat
File: \.autoreg
File: \active-update.xml
File: \install.log
File: \install_status.log
File: \install_wizard.log
File: \updates.xml
File: \updater.ini
File: \browserconfig.properties
File: \old-homepage-default.properties
File: \uninstall\helper.exe
File: \searchplugins\amazondotcom.xml
File: \searchplugins\answers.xml
File: \searchplugins\creativecommons.xml
File: \searchplugins\eBay.xml
File: \searchplugins\google.xml
File: \searchplugins\yahoo.xml
File: \dictionaries\en-US.aff
File: \dictionaries\en-US.dic
File: \defaults\profile\bookmarks.html
File: \defaults\profile\prefs.js
File: \defaults\profile\localstore.rdf
File: \defaults\profile\mimeTypes.rdf
File: \defaults\profile\search.rdf
File: \defaults\profile\chrome\userChrome-example.css
File: \defaults\profile\chrome\userContent-example.css
File: \defaults\pref\firefox-l10n.js
File: \chrome\en-US.jar
File: \chrome\en-US.manifest
File: \extensions\talkback@mozilla.org\chrome.manifest
File: \extensions\talkback@mozilla.org\install.rdf
File: \extensions\talkback@mozilla.org\InstallDisabled
File: \extensions\talkback@mozilla.org\components\talkback.cnt
File: \extensions\talkback@mozilla.org\components\BrandRes.dll
File: \extensions\talkback@mozilla.org\components\fullsoft.dll
File: \extensions\talkback@mozilla.org\components\qfaservices.dll
File: \extensions\talkback@mozilla.org\components\talkback.exe
File: \extensions\talkback@mozilla.org\components\talkback.hlp
File: \extensions\talkback@mozilla.org\components\master.ini
File: \extensions\talkback@mozilla.org\components\talkback-l10n.ini
File: \extensions\talkback@mozilla.org\components\qfaservices.xpt
File: C:\Documents and Settings\All Users\Start Menu\Programs\Mozilla Firefox\Mozilla Firefox.lnk
File: C:\Documents and Settings\All Users\Start Menu\Programs\Mozilla Firefox\Mozilla Firefox (Safe Mode).lnk
File: C:\Documents and Settings\jimt\Application Data\Microsoft\Internet Explorer\Quick Launch\Mozilla Firefox.lnk
File: C:\Documents and Settings\All Users\Desktop\Mozilla Firefox.lnk
File: \extensions\talkback@mozilla.org\chrome.manifest
File: \extensions\talkback@mozilla.org\install.rdf
File: \extensions\talkback@mozilla.org\InstallDisabled
File: \extensions\talkback@mozilla.org\components\talkback.cnt
File: \extensions\talkback@mozilla.org\components\BrandRes.dll
File: \extensions\talkback@mozilla.org\components\fullsoft.dll
File: \extensions\talkback@mozilla.org\components\qfaservices.dll
File: \extensions\talkback@mozilla.org\components\talkback.exe
File: \extensions\talkback@mozilla.org\components\talkback.hlp
File: \extensions\talkback@mozilla.org\components\master.ini
File: \extensions\talkback@mozilla.org\components\talkback-l10n.ini
File: \extensions\talkback@mozilla.org\components\qfaservices.xpt
File: \uninstall\uninst.exe
File: C:\Documents and Settings\jimt\Start Menu\Programs\Mozilla Firefox\Mozilla Firefox.lnk
File: C:\Documents and Settings\jimt\Start Menu\Programs\Mozilla Firefox\Mozilla Firefox (Safe Mode).lnk
File: C:\Documents and Settings\jimt\Desktop\Mozilla Firefox.lnk
File: \removed-files
